Build started 9/7/2013 5:24:21 PM.
     1>Project "Z:\MINX\MINX_GEMGAME\MINX_GEMGAME\MINX_GEMGAME.vcxproj" on node 2 (Build target(s)).
     1>Link:
         C:\Program Files (x86)\Microsoft Visual Studio 11.0\VC\bin\link.exe /ERRORREPORT:PROMPT /OUT:"Z:\MINX\MINX_GEMGAME\Debug\MINX_GEMGAME.exe" /INCREMENTAL /NOLOGO minx.lib SDL2_ttf.lib kernel32.lib user32.lib gdi32.lib winspool.lib comdlg32.lib advapi32.lib shell32.lib ole32.lib oleaut32.lib uuid.lib odbc32.lib odbccp32.lib /MANIFEST /MANIFESTUAC:"level='asInvoker' uiAccess='false'" /manifest:embed /DEBUG /PDB:"Z:\MINX\MINX_GEMGAME\Debug\MINX_GEMGAME.pdb" /SUBSYSTEM:WINDOWS /TLBID:1 /ENTRY:"mainFunc" /DYNAMICBASE /NXCOMPAT /IMPLIB:"Z:\MINX\MINX_GEMGAME\Debug\MINX_GEMGAME.lib" /MACHINE:X86 Debug\Gem.obj
         Debug\GemGame.obj
         Debug\Player.obj
         Debug\Program.obj
     1>Gem.obj : warning LNK4210: .CRT section exists; there may be unhandled static initializers or terminators
     1>GemGame.obj : warning LNK4210: .CRT section exists; there may be unhandled static initializers or terminators
     1>Player.obj : warning LNK4210: .CRT section exists; there may be unhandled static initializers or terminators
     1>Program.obj : warning LNK4210: .CRT section exists; there may be unhandled static initializers or terminators
     1>minx.lib(Texture2D.obj) : warning LNK4210: .CRT section exists; there may be unhandled static initializers or terminators
     1>minx.lib(Primitives.obj) : warning LNK4210: .CRT section exists; there may be unhandled static initializers or terminators
     1>minx.lib(Content.obj) : warning LNK4210: .CRT section exists; there may be unhandled static initializers or terminators
     1>minx.lib(Game.obj) : warning LNK4210: .CRT section exists; there may be unhandled static initializers or terminators
     1>minx.lib(IGenericHID.obj) : warning LNK4210: .CRT section exists; there may be unhandled static initializers or terminators
     1>minx.lib(Keyboard.obj) : warning LNK4210: .CRT section exists; there may be unhandled static initializers or terminators
     1>minx.lib(Font.obj) : warning LNK4210: .CRT section exists; there may be unhandled static initializers or terminators
     1>minx.lib(Vector2.obj) : warning LNK4210: .CRT section exists; there may be unhandled static initializers or terminators
     1>minx.lib(AudioClip.obj) : warning LNK4210: .CRT section exists; there may be unhandled static initializers or terminators
     1>minx.lib(EventHandler.obj) : warning LNK4210: .CRT section exists; there may be unhandled static initializers or terminators
     1>MSVCRT.lib(atonexit.obj) : warning LNK4210: .CRT section exists; there may be unhandled static initializers or terminators
         MINX_GEMGAME.vcxproj -> Z:\MINX\MINX_GEMGAME\Debug\MINX_GEMGAME.exe
     1>Done Building Project "Z:\MINX\MINX_GEMGAME\MINX_GEMGAME\MINX_GEMGAME.vcxproj" (Build target(s)).

Build succeeded.

Time Elapsed 00:00:05.62
