Z:\MINX\MINX_GEMGAME\MINX_GEMGAME\RELEASE\PROGRAM.OBJ
Z:\MINX\MINX_GEMGAME\MINX_GEMGAME\RELEASE\PLAYER.OBJ
Z:\MINX\MINX_GEMGAME\MINX_GEMGAME\RELEASE\GEMGAME.OBJ
Z:\MINX\MINX_GEMGAME\MINX_GEMGAME\RELEASE\GEM.OBJ
Z:\MINX\MINX_GEMGAME\MINX_GEMGAME\RELEASE\VC110.PDB
Z:\MINX\MINX_GEMGAME\RELEASE\MINX_GEMGAME.EXE
Z:\MINX\MINX_GEMGAME\MINX_GEMGAME\Release\Program.obj
Z:\MINX\MINX_GEMGAME\MINX_GEMGAME\Release\Player.obj
Z:\MINX\MINX_GEMGAME\MINX_GEMGAME\Release\GemGame.obj
Z:\MINX\MINX_GEMGAME\MINX_GEMGAME\Release\Gem.obj
Z:\MINX\MINX_GEMGAME\MINX_GEMGAME\Release\CL.write.1.tlog
Z:\MINX\MINX_GEMGAME\MINX_GEMGAME\Release\cl.command.1.tlog
Z:\MINX\MINX_GEMGAME\MINX_GEMGAME\Release\link.read.1.tlog
Z:\MINX\MINX_GEMGAME\MINX_GEMGAME\Release\link.write.1.tlog
Z:\MINX\MINX_GEMGAME\MINX_GEMGAME\Release\link.command.1.tlog
Z:\MINX\MINX_GEMGAME\MINX_GEMGAME\Release\mt.read.1.tlog
Z:\MINX\MINX_GEMGAME\MINX_GEMGAME\Release\mt.write.1.tlog
Z:\MINX\MINX_GEMGAME\MINX_GEMGAME\Release\mt.command.1.tlog
Z:\MINX\MINX_GEMGAME\MINX_GEMGAME\Release\CL.read.1.tlog
Z:\MINX\MINX_GEMGAME\MINX_GEMGAME\Release\link-rc.read.1.tlog
Z:\MINX\MINX_GEMGAME\MINX_GEMGAME\Release\link-rc.write.1.tlog
Z:\MINX\MINX_GEMGAME\MINX_GEMGAME\Release\link-cvtres.read.1.tlog
Z:\MINX\MINX_GEMGAME\MINX_GEMGAME\Release\link-cvtres.write.1.tlog
Z:\MINX\MINX_GEMGAME\MINX_GEMGAME\Release\MINX_GEMGAME.exe.intermediate.manifest
Z:\MINX\MINX_GEMGAME\MINX_GEMGAME\Release\vc100.pdb
Z:\MINX\MINX_GEMGAME\MINX_GEMGAME\Release\vc110.pdb
Z:\MINX\MINX_GEMGAME\Release\MINX_GEMGAME.pdb
