Build started 9/4/2013 11:05:37 AM.
     1>Project "Z:\MINX\MINX_GEMGAME\MINX_GEMGAME\MINX_GEMGAME.vcxproj" on node 2 (Build target(s)).
     1>ClCompile:
         C:\Program Files (x86)\Microsoft Visual Studio 10.0\VC\bin\CL.exe /c /Zi /nologo /W3 /WX- /O2 /Oi /Oy- /GL /D _MBCS /Gm- /EHsc /MD /GS /Gy /fp:precise /Zc:wchar_t /Zc:forScope /Fo"Release\\" /Fd"Release\vc100.pdb" /Gd /TP /analyze- /errorReport:prompt ..\src\GemGame.cpp
         GemGame.cpp
     1>..\src\GemGame.cpp(134): warning C4244: 'argument' : conversion from 'time_t' to 'unsigned int', possible loss of data
     1>..\src\GemGame.cpp(136): warning C4244: '=' : conversion from 'double' to 'int', possible loss of data
     1>..\src\GemGame.cpp(164): warning C4018: '>' : signed/unsigned mismatch
     1>..\src\GemGame.cpp(181): warning C4244: 'argument' : conversion from 'time_t' to 'unsigned int', possible loss of data
     1>..\src\GemGame.cpp(233): warning C4305: '*=' : truncation from 'double' to 'float'
     1>..\src\GemGame.cpp(303): warning C4244: 'argument' : conversion from 'float' to 'int', possible loss of data
       Link:
         C:\Program Files (x86)\Microsoft Visual Studio 10.0\VC\bin\link.exe /ERRORREPORT:PROMPT /OUT:"Z:\MINX\MINX_GEMGAME\Release\MINX_GEMGAME.exe" /NOLOGO minx.lib SDL_ttf.lib kernel32.lib user32.lib gdi32.lib winspool.lib comdlg32.lib advapi32.lib shell32.lib ole32.lib oleaut32.lib uuid.lib odbc32.lib odbccp32.lib /MANIFEST /ManifestFile:"Release\MINX_GEMGAME.exe.intermediate.manifest" /MANIFESTUAC:"level='asInvoker' uiAccess='false'" /DEBUG /PDB:"Z:\MINX\MINX_GEMGAME\Release\MINX_GEMGAME.pdb" /SUBSYSTEM:CONSOLE /OPT:REF /OPT:ICF /LTCG /TLBID:1 /ENTRY:"mainFunc" /DYNAMICBASE /NXCOMPAT /IMPLIB:"Z:\MINX\MINX_GEMGAME\Release\MINX_GEMGAME.lib" /MACHINE:X86 Release\Gem.obj
         Release\GemGame.obj
         Release\Player.obj
         Release\Program.obj
         Generating code
         Finished generating code
     1>CIL library( CIL module) : warning LNK4210: .CRT section exists; there may be unhandled static initializers or terminators
     1>MSVCRT.lib(cpu_disp.obj) : warning LNK4210: .CRT section exists; there may be unhandled static initializers or terminators
         MINX_GEMGAME.vcxproj -> Z:\MINX\MINX_GEMGAME\Release\MINX_GEMGAME.exe
       Manifest:
         C:\Program Files (x86)\Microsoft SDKs\Windows\v7.0A\bin\mt.exe /nologo /verbose /outputresource:"Z:\MINX\MINX_GEMGAME\Release\MINX_GEMGAME.exe;#1" /manifest Release\MINX_GEMGAME.exe.intermediate.manifest
     1>Done Building Project "Z:\MINX\MINX_GEMGAME\MINX_GEMGAME\MINX_GEMGAME.vcxproj" (Build target(s)).

Build succeeded.

Time Elapsed 00:00:09.84
